2023-10-09 15:59:45,858 [http-nio-8080-exec-2] INFO  com.myapp.controller.PizzaController.loggerFile ==> Pizza created with id= ZA021 
2023-10-09 15:59:46,285 [http-nio-8080-exec-1] INFO  com.myapp.controller.PizzaController.loggerFile ==> Pizza with id=ZA008 updated to new details : Pizza(pizzaId=ZA008, name=myNameeeeeeeeeee, description=Classic cheese and tomato pizza, type=Veg, imageUrl=https://tinyurl.com/pizza-002, priceRegularSize=15000, priceMediumSize=25000, priceLargeSize=99999) 
2023-11-01 11:25:59,252 [http-nio-8080-exec-6] INFO  com.myapp.controller.PizzaController.loggerFile ==> Pizza created with id= ZA020 
2023-11-01 11:51:25,413 [http-nio-8080-exec-1] INFO  com.myapp.controller.PizzaController.loggerFile ==> Pizza created with id= ZA021 
2023-11-01 11:51:43,346 [http-nio-8080-exec-9] INFO  com.myapp.controller.PizzaController.loggerFile ==> Pizza created with id= ZA022 
2023-11-01 11:51:52,661 [http-nio-8080-exec-10] INFO  com.myapp.controller.PizzaController.loggerFile ==> Pizza created with id= ZA023 
2023-11-01 11:52:59,564 [http-nio-8080-exec-3] INFO  com.myapp.controller.PizzaController.loggerFile ==> Pizza created with id= ZA024 
2023-11-01 11:53:49,397 [http-nio-8080-exec-1] INFO  com.myapp.controller.PizzaController.loggerFile ==> Pizza created with id= ZA025 
2023-11-01 11:53:59,514 [http-nio-8080-exec-2] INFO  com.myapp.controller.PizzaController.loggerFile ==> Pizza created with id= ZA026 
2023-11-01 11:54:01,294 [http-nio-8080-exec-3] INFO  com.myapp.controller.PizzaController.loggerFile ==> Pizza created with id= ZA027 
2023-11-01 11:54:02,119 [http-nio-8080-exec-5] INFO  com.myapp.controller.PizzaController.loggerFile ==> Pizza created with id= ZA028 
2023-11-01 11:54:02,753 [http-nio-8080-exec-4] INFO  com.myapp.controller.PizzaController.loggerFile ==> Pizza created with id= ZA029 
2023-11-01 11:55:23,381 [http-nio-8080-exec-1] INFO  com.myapp.controller.PizzaController.loggerFile ==> Pizza created with id= ZA030 
2023-11-01 11:55:58,458 [http-nio-8080-exec-1] INFO  com.myapp.controller.PizzaController.loggerFile ==> Pizza created with id= ZA031 
2023-11-01 11:56:00,814 [http-nio-8080-exec-3] INFO  com.myapp.controller.PizzaController.loggerFile ==> Pizza created with id= ZA032 
2023-11-01 11:56:21,616 [http-nio-8080-exec-4] INFO  com.myapp.controller.PizzaController.loggerFile ==> Pizza created with id= ZA033 
2023-11-01 11:58:20,914 [http-nio-8080-exec-8] INFO  com.myapp.controller.PizzaController.loggerFile ==> Pizza created with id= ZA034 
2023-11-01 11:58:45,366 [http-nio-8080-exec-7] INFO  com.myapp.controller.PizzaController.loggerFile ==> Pizza created with id= ZA035 
2023-11-01 12:14:27,619 [http-nio-8080-exec-10] INFO  com.myapp.controller.PizzaController.loggerFile ==> Pizza created with id= ZA036 
2023-11-01 12:28:06,620 [http-nio-8080-exec-3] INFO  com.myapp.controller.PizzaController.loggerFile ==> Pizza created with id= ZA037 
2023-11-01 12:28:32,323 [http-nio-8080-exec-2] INFO  com.myapp.controller.PizzaController.loggerFile ==> Pizza created with id= ZA038 
2023-11-01 13:18:21,806 [http-nio-8080-exec-8] INFO  com.myapp.controller.PizzaController.loggerFile ==> Pizza with id=ZA038 has been deleted 
2023-11-01 14:29:16,666 [http-nio-8080-exec-6] INFO  com.myapp.controller.PizzaController.loggerFile ==> Pizza with id=ZA037 has been deleted 
2023-11-01 14:31:33,575 [http-nio-8080-exec-1] INFO  com.myapp.controller.PizzaController.loggerFile ==> Pizza with id=ZA036 has been deleted 
2023-11-01 14:31:51,409 [http-nio-8080-exec-3] INFO  com.myapp.controller.PizzaController.loggerFile ==> Pizza with id=ZA035 has been deleted 
2023-11-01 14:32:35,606 [http-nio-8080-exec-5] INFO  com.myapp.controller.PizzaController.loggerFile ==> Pizza with id=ZA034 has been deleted 
2023-11-01 14:32:55,986 [http-nio-8080-exec-2] INFO  com.myapp.controller.PizzaController.loggerFile ==> Pizza with id=ZA033 has been deleted 
2023-11-01 14:50:19,900 [http-nio-8080-exec-5] INFO  com.myapp.controller.PizzaController.loggerFile ==> Pizza with id=ZA032 has been deleted 
2023-11-01 14:51:39,176 [http-nio-8080-exec-5] INFO  com.myapp.controller.PizzaController.loggerFile ==> Pizza with id=ZA031 has been deleted 
2023-11-01 14:52:32,080 [http-nio-8080-exec-7] INFO  com.myapp.controller.PizzaController.loggerFile ==> Pizza with id=ZA030 has been deleted 
2023-11-01 14:52:35,676 [http-nio-8080-exec-8] INFO  com.myapp.controller.PizzaController.loggerFile ==> Pizza with id=ZA029 has been deleted 
2023-11-01 14:52:37,497 [http-nio-8080-exec-6] INFO  com.myapp.controller.PizzaController.loggerFile ==> Pizza with id=ZA028 has been deleted 
2023-11-01 14:52:39,402 [http-nio-8080-exec-4] INFO  com.myapp.controller.PizzaController.loggerFile ==> Pizza with id=ZA027 has been deleted 
2023-11-01 14:52:42,347 [http-nio-8080-exec-5] INFO  com.myapp.controller.PizzaController.loggerFile ==> Pizza with id=ZA026 has been deleted 
2023-11-01 14:52:52,118 [http-nio-8080-exec-7] INFO  com.myapp.controller.PizzaController.loggerFile ==> Pizza with id=ZA025 has been deleted 
2023-11-01 14:53:14,442 [http-nio-8080-exec-6] INFO  com.myapp.controller.PizzaController.loggerFile ==> Pizza with id=ZA024 has been deleted 
2023-11-01 14:59:34,490 [http-nio-8080-exec-5] INFO  com.myapp.controller.PizzaController.loggerFile ==> Pizza with id=ZA023 has been deleted 
2023-11-01 14:59:38,178 [http-nio-8080-exec-10] INFO  com.myapp.controller.PizzaController.loggerFile ==> Pizza with id=ZA022 has been deleted 
2023-11-01 15:00:13,819 [http-nio-8080-exec-9] INFO  com.myapp.controller.PizzaController.loggerFile ==> Pizza created with id= ZA039 
2023-11-01 15:00:15,471 [http-nio-8080-exec-3] INFO  com.myapp.controller.PizzaController.loggerFile ==> Pizza created with id= ZA040 
2023-11-01 15:00:16,149 [http-nio-8080-exec-2] INFO  com.myapp.controller.PizzaController.loggerFile ==> Pizza created with id= ZA041 
2023-11-01 16:04:27,825 [http-nio-8080-exec-2] INFO  com.myapp.controller.PizzaController.loggerFile ==> Pizza with id=ZA008 updated to new details : Pizza(pizzaId=ZA008, name=myNameeeeeeeeeee, description=Classic cheese and tomato pizza, type=Veg, imageUrl=https://tinyurl.com/pizza-002) 
2023-11-01 16:09:53,291 [http-nio-8080-exec-8] INFO  com.myapp.controller.PizzaController.loggerFile ==> Pizza with id=ZA041 updated to new details : Pizza(pizzaId=ZA041, name=Dummy1, description=DummyD1, type=NON_VEG, imageUrl=https://tinyurl.com/pizza-002) 
2023-11-01 16:10:39,654 [http-nio-8080-exec-10] INFO  com.myapp.controller.PizzaController.loggerFile ==> Pizza with id=ZA041 has been deleted 
2023-11-01 16:11:02,555 [http-nio-8080-exec-4] INFO  com.myapp.controller.PizzaController.loggerFile ==> Pizza created with id= ZA042 
2023-11-01 16:14:22,162 [http-nio-8080-exec-1] INFO  com.myapp.controller.PizzaController.loggerFile ==> Pizza created with id= ZA043 
2023-11-01 16:14:47,167 [http-nio-8080-exec-7] INFO  com.myapp.controller.PizzaController.loggerFile ==> Pizza created with id= ZA044 
2023-11-01 16:14:50,134 [http-nio-8080-exec-4] INFO  com.myapp.controller.PizzaController.loggerFile ==> Pizza created with id= ZA045 
2023-11-01 16:14:50,779 [http-nio-8080-exec-3] INFO  com.myapp.controller.PizzaController.loggerFile ==> Pizza created with id= ZA046 
2023-11-01 16:14:50,968 [http-nio-8080-exec-5] INFO  com.myapp.controller.PizzaController.loggerFile ==> Pizza created with id= ZA047 
2023-11-01 16:14:51,139 [http-nio-8080-exec-9] INFO  com.myapp.controller.PizzaController.loggerFile ==> Pizza created with id= ZA048 
2023-11-01 16:16:35,965 [http-nio-8080-exec-7] INFO  com.myapp.controller.PizzaController.loggerFile ==> Pizza with id=ZA048 has been deleted 
2023-11-01 16:16:39,054 [http-nio-8080-exec-3] INFO  com.myapp.controller.PizzaController.loggerFile ==> Pizza with id=ZA047 has been deleted 
2023-11-01 16:16:51,893 [http-nio-8080-exec-7] INFO  com.myapp.controller.PizzaController.loggerFile ==> Pizza with id=ZA046 has been deleted 
2023-11-01 16:16:55,874 [http-nio-8080-exec-3] INFO  com.myapp.controller.PizzaController.loggerFile ==> Pizza with id=ZA045 has been deleted 
2023-11-01 16:16:57,243 [http-nio-8080-exec-9] INFO  com.myapp.controller.PizzaController.loggerFile ==> Pizza with id=ZA044 has been deleted 
2023-11-01 16:16:58,466 [http-nio-8080-exec-6] INFO  com.myapp.controller.PizzaController.loggerFile ==> Pizza with id=ZA043 has been deleted 
2023-11-01 16:16:59,851 [http-nio-8080-exec-10] INFO  com.myapp.controller.PizzaController.loggerFile ==> Pizza with id=ZA042 has been deleted 
2023-11-01 16:17:15,884 [http-nio-8080-exec-2] INFO  com.myapp.controller.PizzaController.loggerFile ==> Pizza created with id= ZA049 
2023-11-01 16:33:45,188 [http-nio-8080-exec-8] INFO  com.myapp.controller.PizzaController.loggerFile ==> Pizza with id=ZA049 has been deleted 
2023-11-01 16:34:19,013 [http-nio-8080-exec-2] INFO  com.myapp.controller.PizzaController.loggerFile ==> Pizza with id=ZA040 has been deleted 
2023-11-01 23:00:47,240 [http-nio-8080-exec-4] INFO  com.myapp.controller.PizzaController.loggerFile ==> Pizza with id=ZA001 updated to new details : Pizza(pizzaId=ZA001, name=Pepperoni, description=Spicy pepperoni pizza, type=VEG, imageUrl=https://tinyurl.com/pizza-002) 
2023-11-01 23:01:13,435 [http-nio-8080-exec-8] INFO  com.myapp.controller.PizzaController.loggerFile ==> Pizza with id=ZA001 updated to new details : Pizza(pizzaId=ZA001, name=Pepperoni111, description=Spicy pepperoni pizza, type=NON_VEG, imageUrl=https://tinyurl.com/pizza-002) 
2023-11-01 23:01:26,888 [http-nio-8080-exec-1] INFO  com.myapp.controller.PizzaController.loggerFile ==> Pizza with id=ZA001 updated to new details : Pizza(pizzaId=ZA001, name=Pepperoni, description=Spicy pepperoni pizza, type=VEG, imageUrl=https://tinyurl.com/pizza-002) 
2023-11-01 23:05:56,897 [http-nio-8080-exec-5] INFO  com.myapp.controller.PizzaController.loggerFile ==> Pizza with id=ZA001 updated to new details : Pizza(pizzaId=ZA001, name=Pepperoni111, description=Spicy pepperoni pizza, type=NON_VEG, imageUrl=https://tinyurl.com/pizza-002) 
2023-11-01 23:06:10,733 [http-nio-8080-exec-6] INFO  com.myapp.controller.PizzaController.loggerFile ==> Pizza with id=ZA001 updated to new details : Pizza(pizzaId=ZA001, name=Pepperoni, description=Spicy pepperoni pizza, type=VEG, imageUrl=https://tinyurl.com/pizza-002) 
2023-11-01 23:07:16,800 [http-nio-8080-exec-3] INFO  com.myapp.controller.PizzaController.loggerFile ==> Pizza with id=ZA039 has been deleted 
2023-11-01 23:07:23,043 [http-nio-8080-exec-1] INFO  com.myapp.controller.PizzaController.loggerFile ==> Pizza with id=ZA021 has been deleted 
2023-11-01 23:07:53,680 [http-nio-8080-exec-5] INFO  com.myapp.controller.PizzaController.loggerFile ==> Pizza created with id= ZA050 
2023-11-01 23:07:59,960 [http-nio-8080-exec-6] INFO  com.myapp.controller.PizzaController.loggerFile ==> Pizza created with id= ZA051 
2023-11-01 23:08:09,184 [http-nio-8080-exec-9] INFO  com.myapp.controller.PizzaController.loggerFile ==> Pizza with id=ZA051 updated to new details : Pizza(pizzaId=ZA051, name=1, description=DummyDesription1, type=VEG, imageUrl=) 
2023-11-01 23:08:15,739 [http-nio-8080-exec-2] INFO  com.myapp.controller.PizzaController.loggerFile ==> Pizza with id=ZA051 updated to new details : Pizza(pizzaId=ZA051, name=, description=DummyDesription1, type=VEG, imageUrl=) 
2023-11-01 23:08:21,024 [http-nio-8080-exec-4] INFO  com.myapp.controller.PizzaController.loggerFile ==> Pizza with id=ZA051 has been deleted 
2023-11-01 23:08:27,768 [http-nio-8080-exec-1] INFO  com.myapp.controller.PizzaController.loggerFile ==> Pizza with id=ZA050 updated to new details : Pizza(pizzaId=ZA050, name=Dummy1, description=DummyDesription1, type=VEG, imageUrl=https://tinyurl.com/pizza-002) 
2023-11-02 08:03:58,554 [http-nio-8080-exec-4] INFO  com.myapp.controller.PizzaController.loggerFile ==> Pizza created with id= ZA053 
2023-11-02 08:04:18,845 [http-nio-8080-exec-5] INFO  com.myapp.controller.PizzaController.loggerFile ==> Pizza with id=ZA053 has been deleted 
2023-11-06 22:58:53,361 [http-nio-8080-exec-2] INFO  com.myapp.controller.PizzaController.loggerFile ==> Pizza created with id= ZA021 
2023-11-06 22:59:05,691 [http-nio-8080-exec-3] INFO  com.myapp.controller.PizzaController.loggerFile ==> Pizza created with id= ZA022 
2023-11-06 22:59:10,487 [http-nio-8080-exec-4] INFO  com.myapp.controller.PizzaController.loggerFile ==> Pizza created with id= ZA023 
2023-11-06 22:59:11,997 [http-nio-8080-exec-5] INFO  com.myapp.controller.PizzaController.loggerFile ==> Pizza created with id= ZA024 
2023-11-06 23:19:12,906 [http-nio-8080-exec-6] INFO  com.myapp.controller.PizzaController.loggerFile ==> Pizza created with id= ZA021 
2023-11-06 23:20:28,180 [http-nio-8080-exec-6] INFO  com.myapp.controller.PizzaController.loggerFile ==> Pizza created with id= ZA023 
2023-11-06 23:20:38,336 [http-nio-8080-exec-10] INFO  com.myapp.controller.PizzaController.loggerFile ==> Pizza created with id= ZA025 
2023-11-06 23:22:31,421 [http-nio-8080-exec-10] INFO  com.myapp.controller.PizzaController.loggerFile ==> Pizza created with id= ZA026 
2023-11-07 00:02:45,312 [http-nio-8080-exec-6] INFO  com.myapp.controller.PizzaController.loggerFile ==> Pizza created with id= ZA029 
2023-11-07 07:39:40,689 [http-nio-8080-exec-6] INFO  com.myapp.controller.PizzaController.loggerFile ==> Pizza with id=ZA029 has been deleted 
2023-11-07 07:39:51,450 [http-nio-8080-exec-9] INFO  com.myapp.controller.PizzaController.loggerFile ==> Pizza with id=ZA026 has been deleted 
2023-11-07 07:40:38,477 [http-nio-8080-exec-6] INFO  com.myapp.controller.PizzaController.loggerFile ==> Pizza with id=ZA025 updated to new details : Pizza(pizzaId=ZA025, name=yummy yummy, description=Classic chicken killed, type=NON_VEG, imageUrl=https://tinyurl.com/pizza-002) 
2023-11-07 07:42:23,469 [http-nio-8080-exec-2] INFO  com.myapp.controller.PizzaController.loggerFile ==> Pizza created with id= ZA030 
2023-11-07 07:43:47,747 [http-nio-8080-exec-4] INFO  com.myapp.controller.PizzaController.loggerFile ==> Pizza with id=ZA030 has been deleted 
2023-11-07 10:27:30,510 [http-nio-8080-exec-6] INFO  com.myapp.controller.PizzaController.loggerFile ==> Pizza created with id= ZA031 
2023-11-07 10:29:14,290 [http-nio-8080-exec-9] INFO  com.myapp.controller.PizzaController.loggerFile ==> Pizza with id=ZA025 has been deleted 
